<?xml version="1.0" encoding="UTF-8"?>
<testng-results ignored="0" total="1" passed="1" failed="0" skipped="0">
  <reporter-output>
  </reporter-output>
  <suite started-at="2020-10-18T16:03:20 IST" name="Suite" finished-at="2020-10-18T16:04:07 IST" duration-ms="47284">
    <groups>
    </groups>
    <test started-at="2020-10-18T16:03:20 IST" name="Test" finished-at="2020-10-18T16:04:07 IST" duration-ms="47284">
      <class name="chrome.Login">
        <test-method signature="loginToLeafTaps()[pri:0, instance:chrome.Login@f381794]" started-at="2020-10-18T16:03:20 IST" name="loginToLeafTaps" finished-at="2020-10-18T16:04:07 IST" duration-ms="47249" status="PASS">
          <reporter-output>
          </reporter-output>
        </test-method> <!-- loginToLeafTaps -->
      </class> <!-- chrome.Login -->
    </test> <!-- Test -->
  </suite> <!-- Suite -->
</testng-results>
